
*** Running ngdbuild
    with args -intstyle ise -p xc6slx9tqg144-2 -dd _ngo -uc "mojo_top_0.ucf" "mojo_top_0.edf"


Command Line: C:\Xilinx\14.7\ISE_DS\ISE\bin\nt\unwrapped\ngdbuild.exe -intstyle
ise -p xc6slx9tqg144-2 -dd _ngo -uc mojo_top_0.ucf mojo_top_0.edf

Executing edif2ngd -quiet "mojo_top_0.edf" "_ngo\mojo_top_0.ngo"
Release 14.7 - edif2ngd P.20131013 (nt)
Copyright (c) 1995-2013 Xilinx, Inc.  All rights reserved.
Reading NGO file
"C:/Users/ZhiYao/Documents/GitHub/1D_ALU_CI03_7_/work/planAhead/1D_ALU/1D_ALU.ru
ns/impl_1/_ngo/mojo_top_0.ngo" ...
Gathering constraint information from source properties...
Done.

Annotating constraints to design from ucf file "mojo_top_0.ucf" ...
Resolving constraint associations...
Checking Constraint Associations...
Done...

Checking expanded design ...

Partition Implementation Status
-------------------------------

  No Partitions were found in this design.

-------------------------------

NGDBUILD Design Results Summary:
  Number of errors:     0
  Number of warnings:   0

Writing NGD file "mojo_top_0.ngd" ...
Total REAL time to NGDBUILD completion:  9 sec
Total CPU time to NGDBUILD completion:   3 sec

Writing NGDBUILD log file "mojo_top_0.bld"...

NGDBUILD done.

*** Running map
    with args -intstyle pa -w -pr b -mt on "mojo_top_0.ngd"

Using target part "6slx9tqg144-2".
INFO:Map:284 - Map is running with the multi-threading option on. Map currently
   supports the use of up to 2 processors. Based on the the user options and
   machine load, Map will use 2 processors during this run.
Mapping design into LUTs...
WARNING:MapLib:701 - Signal spi_channel[0] connected to top level port
   spi_channel(0) has been removed.
WARNING:MapLib:701 - Signal spi_channel[1] connected to top level port
   spi_channel(1) has been removed.
WARNING:MapLib:701 - Signal avr_rx connected to top level port avr_rx has been
   removed.
WARNING:MapLib:701 - Signal spi_channel[2] connected to top level port
   spi_channel(2) has been removed.
WARNING:MapLib:701 - Signal spi_miso connected to top level port spi_miso has
   been removed.
WARNING:MapLib:701 - Signal spi_channel[3] connected to top level port
   spi_channel(3) has been removed.
Running directed packing...
Running delay-based LUT packing...
